<?xml version="1.0" encoding="UTF-8"?>
<!-- Generated by org.testng.reporters.JUnitXMLReporter -->
<testsuite hostname="LAPTOP-VT80RB39" ignored="0" name="Different testing features Test" tests="26" failures="1" timestamp="2020-04-03T16:31:01 IST" time="132.611" errors="0">
  <testcase name="loginTest" time="0.003" classname="com.testng.TestNgfeatures"/>
  <testcase name="HomePageTest" time="0.001" classname="com.testng.TestNgfeatures"/>
  <testcase name="regPagetest" time="0.001" classname="com.testng.TestNgfeatures"/>
  <testcase name="searchPageTest" time="0.001" classname="com.testng.TestNgfeatures"/>
  <testcase name="test1" time="0.001" classname="com.testng.HowToHandleExpectedException"/>
  <testcase name="sum" time="0.001" classname="com.testng.InvocationCountRepeatedTest"/>
  <testcase name="sum" time="0.001" classname="com.testng.InvocationCountRepeatedTest"/>
  <testcase name="sum" time="0.0" classname="com.testng.InvocationCountRepeatedTest"/>
  <testcase name="sum" time="0.001" classname="com.testng.InvocationCountRepeatedTest"/>
  <testcase name="sum" time="0.001" classname="com.testng.InvocationCountRepeatedTest"/>
  <testcase name="sum" time="0.0" classname="com.testng.InvocationCountRepeatedTest"/>
  <testcase name="sum" time="0.0" classname="com.testng.InvocationCountRepeatedTest"/>
  <testcase name="sum" time="0.001" classname="com.testng.InvocationCountRepeatedTest"/>
  <testcase name="sum" time="0.001" classname="com.testng.InvocationCountRepeatedTest"/>
  <testcase name="sum" time="0.001" classname="com.testng.InvocationCountRepeatedTest"/>
  <testcase name="googleLogoTest" time="0.168" classname="com.testng.GoogleTitleTestValidation"/>
  <testcase name="googleTitleTest" time="0.018" classname="com.testng.GoogleTitleTestValidation"/>
  <testcase name="googleTitleTest" time="0.01" classname="com.testng.GoogleTest"/>
  <testcase name="googleLogoTest" time="0.043" classname="com.testng.GoogleTest"/>
  <testcase name="mainLinkTest" time="0.048" classname="com.testng.GoogleTest"/>
  <testcase name="test1" time="0.001" classname="com.testng.GoogleTest"/>
  <testcase name="test2" time="0.002" classname="com.testng.GoogleTest"/>
  <testcase name="test3" time="0.001" classname="com.testng.GoogleTest"/>
  <testcase name="infiniteLoopTest" time="0.209" classname="com.testng.ExceptionOutTest">
    <failure type="org.testng.internal.thread.ThreadTimeoutException" message="Method com.testng.ExceptionOutTest.infiniteLoopTest() didn&amp;apos;t finish within the time-out 200">
      <![CDATA[org.testng.internal.thread.ThreadTimeoutException: Method com.testng.ExceptionOutTest.infiniteLoopTest() didn't finish within the time-out 200
at java.util.ArrayList.forEach(Unknown Source)
... Removed 24 stack frames]]>
    </failure>
  </testcase> <!-- infiniteLoopTest -->
  <testcase name="googleTitleTest" time="0.005" classname="com.testng.TestNgBasics"/>
  <testcase name="search" time="0.001" classname="com.testng.TestNgBasics"/>
</testsuite> <!-- Different testing features Test -->
